I0417 12:29:05.181814    3168 load.go:31] Reloading schema and connectors...
I0417 12:29:05.209673    3168 control.go:100] [projects/emulator/locations/emulator/services/tfcinv1 c29a] UpdateResources(): done
Main schema: sources: schema\schema.gql [841B] 
Connector "example": sources: example\queries.gql [253B] 
I0417 12:29:05.224202    3168 codegen.go:101] [connector "example" javascriptSdk] Generating sources into "C:\\Users\\angel\\Desktop\\UNIVERSIDAD EUROPEA\\TFC\\TFC_IN_V1\\src\\dataconnect-generated"
I0417 12:29:05.251626    3168 collector.go:107] schema extensions wrote into "C:\\Users\\angel\\Desktop\\UNIVERSIDAD EUROPEA\\TFC\\TFC_IN_V1\\dataconnect\\.dataconnect\\schema"
Generated sources: main\implicit.gql [1798B] main\input.gql [52911B] main\relation.gql [23194B] main\query.gql [6388B] main\mutation.gql [17265B] prelude.gql [82799B] 
I0417 12:29:05.262278    3168 collector.go:107] connector "example" javascriptSdk wrote into "C:\\Users\\angel\\Desktop\\UNIVERSIDAD EUROPEA\\TFC\\TFC_IN_V1\\src\\dataconnect-generated"
Generated sources: esm\package.json [17B] react\esm\index.esm.js [537B] react\README.md [11840B] esm\index.esm.js [928B] index.cjs.js [1079B] package.json [853B] README.md [7465B] .guides/usage.md [1519B] .guides/config.json [236B] index.d.ts [1651B] react\index.d.ts [647B] react\esm\package.json [17B] react\package.json [460B] react\index.cjs.js [568B] .guides/setup.md [1682B] 
I0417 12:29:05.267428    3168 installsdk.go:55] Package @dataconnect/generated is already installed. Skipping installation
I0417 12:29:05.267964    3168 load.go:109] Finished reloading
I0417 12:29:05.276239    3168 dev.go:104] Listening on address (HTTP + gRPC): 127.0.0.1:9399
I0417 12:29:05.277961    3168 dev.go:104] Listening on address (HTTP + gRPC): [::1]:9399
I0417 12:29:09.677448    3168 migrate.go:24] Running migration SQL:
Step 1: CREATE EXTENSION IF NOT EXISTS "uuid-ossp"
Step 2: CREATE TABLE "public"."menu_item" ("id" uuid NOT NULL DEFAULT uuid_generate_v4(), "allergens" text[] NULL, "category" text NOT NULL, "created_at" timestamptz NOT NULL, "description" text NOT NULL, "image_url" text NULL, "name" text NOT NULL, "price" double precision NOT NULL, PRIMARY KEY ("id"))
Step 3: CREATE TABLE "public"."restaurant_info" ("id" uuid NOT NULL DEFAULT uuid_generate_v4(), "address" text NOT NULL, "created_at" timestamptz NOT NULL, "description" text NULL, "image_urls" text[] NULL, "name" text NOT NULL, "opening_hours" text NOT NULL, "phone_number" text NOT NULL, PRIMARY KEY ("id"))
Step 4: CREATE TABLE "public"."table" ("id" uuid NOT NULL DEFAULT uuid_generate_v4(), "capacity" integer NOT NULL, "created_at" timestamptz NOT NULL, "location" text NULL, "table_number" integer NOT NULL, PRIMARY KEY ("id"))
Step 5: CREATE TABLE "public"."user" ("id" uuid NOT NULL DEFAULT uuid_generate_v4(), "created_at" timestamptz NOT NULL, "email" text NOT NULL, "first_name" text NULL, "last_name" text NULL, "password" text NOT NULL, "phone_number" text NULL, "role" text NOT NULL, PRIMARY KEY ("id"))
Step 6: CREATE TABLE "public"."reservation" ("id" uuid NOT NULL DEFAULT uuid_generate_v4(), "table_id" uuid NULL, "user_id" uuid NOT NULL, "created_at" timestamptz NOT NULL, "dietary_preferences" text[] NULL, "number_of_guests" integer NOT NULL, "reservation_date" date NOT NULL, "reservation_time" text NOT NULL, "special_requests" text NULL, "status" text NOT NULL, PRIMARY KEY ("id"), CONSTRAINT "reservation_table_id_fkey" FOREIGN KEY ("table_id") REFERENCES "public"."table" ("id") ON DELETE SET NULL, CONSTRAINT "reservation_user_id_fkey" FOREIGN KEY ("user_id") REFERENCES "public"."user" ("id") ON DELETE CASCADE)
Step 7: CREATE INDEX "reservation_tableId_idx" ON "public"."reservation" ("table_id")
Step 8: CREATE INDEX "reservation_userId_idx" ON "public"."reservation" ("user_id")
I0417 12:29:09.807832    3168 control.go:100] [projects/emulator/locations/emulator/services/tfcinv1 6a8e] UpdateResources(): done
Main schema: sources: schema\schema.gql [841B] 
Connector "example": sources: example\queries.gql [253B] 
I0417 12:29:09.812555    3168 configure_emulator.go:21] ConfigureEmulator successed
Request: service_id:  "tfcinv1"
connection_string:  "postgres://127.0.0.1:5433/fdcdb?sslmode=disable"
database:  "fdcdb"

Response: 
