[debug] [2026-04-23T12:26:44.414Z] ----------------------------------------------------------------------
[debug] [2026-04-23T12:26:44.420Z] Command:       C:\Program Files\nodejs\node.exe C:\Users\angel.castillo\AppData\Roaming\npm\node_modules\firebase-tools\lib\bin\firebase.js deploy --only functions
[debug] [2026-04-23T12:26:44.421Z] CLI Version:   15.15.0
[debug] [2026-04-23T12:26:44.421Z] Platform:      win32
[debug] [2026-04-23T12:26:44.421Z] Node Version:  v24.14.1
[debug] [2026-04-23T12:26:44.421Z] Time:          Thu Apr 23 2026 14:26:44 GMT+0200 (hora de verano de Europa central)
[debug] [2026-04-23T12:26:44.421Z] ----------------------------------------------------------------------
[debug] 
[debug] [2026-04-23T12:26:49.080Z] > command requires scopes: ["email","openid","https://www.googleapis.com/auth/cloudplatformprojects.readonly","https://www.googleapis.com/auth/firebase","https://www.googleapis.com/auth/cloud-platform"]
[debug] [2026-04-23T12:26:49.080Z] > authorizing via signed-in user (271099ac@gmail.com)
[debug] [2026-04-23T12:26:49.081Z] [iam] checking project digitalizacion-tsinge-fusion for permissions ["cloudfunctions.functions.create","cloudfunctions.functions.delete","cloudfunctions.functions.get","cloudfunctions.functions.list","cloudfunctions.functions.update","cloudfunctions.operations.get","firebase.projects.get"]
[debug] [2026-04-23T12:26:49.085Z] Checked if tokens are valid: true, expires at: 1776950720736
[debug] [2026-04-23T12:26:49.086Z] Checked if tokens are valid: true, expires at: 1776950720736
[debug] [2026-04-23T12:26:49.088Z] >>> [apiv2][query] POST https://cloudresourcemanager.googleapis.com/v1/projects/digitalizacion-tsinge-fusion:testIamPermissions [none]
[debug] [2026-04-23T12:26:49.088Z] >>> [apiv2][(partial)header] POST https://cloudresourcemanager.googleapis.com/v1/projects/digitalizacion-tsinge-fusion:testIamPermissions  x-goog-user-project=digitalizacion-tsinge-fusion
[debug] [2026-04-23T12:26:49.088Z] >>> [apiv2][body] POST https://cloudresourcemanager.googleapis.com/v1/projects/digitalizacion-tsinge-fusion:testIamPermissions {"permissions":["cloudfunctions.functions.create","cloudfunctions.functions.delete","cloudfunctions.functions.get","cloudfunctions.functions.list","cloudfunctions.functions.update","cloudfunctions.operations.get","firebase.projects.get"]}
[debug] [2026-04-23T12:26:49.799Z] <<< [apiv2][status] POST https://cloudresourcemanager.googleapis.com/v1/projects/digitalizacion-tsinge-fusion:testIamPermissions 200
[debug] [2026-04-23T12:26:49.799Z] <<< [apiv2][body] POST https://cloudresourcemanager.googleapis.com/v1/projects/digitalizacion-tsinge-fusion:testIamPermissions {"permissions":["cloudfunctions.functions.create","cloudfunctions.functions.delete","cloudfunctions.functions.get","cloudfunctions.functions.list","cloudfunctions.functions.update","cloudfunctions.operations.get","firebase.projects.get"]}
[debug] [2026-04-23T12:26:49.799Z] Checked if tokens are valid: true, expires at: 1776950720736
[debug] [2026-04-23T12:26:49.800Z] Checked if tokens are valid: true, expires at: 1776950720736
[debug] [2026-04-23T12:26:49.800Z] >>> [apiv2][query] POST https://iam.googleapis.com/v1/projects/digitalizacion-tsinge-fusion/serviceAccounts/digitalizacion-tsinge-fusion@appspot.gserviceaccount.com:testIamPermissions [none]
[debug] [2026-04-23T12:26:49.800Z] >>> [apiv2][body] POST https://iam.googleapis.com/v1/projects/digitalizacion-tsinge-fusion/serviceAccounts/digitalizacion-tsinge-fusion@appspot.gserviceaccount.com:testIamPermissions {"permissions":["iam.serviceAccounts.actAs"]}
[debug] [2026-04-23T12:26:50.687Z] <<< [apiv2][status] POST https://iam.googleapis.com/v1/projects/digitalizacion-tsinge-fusion/serviceAccounts/digitalizacion-tsinge-fusion@appspot.gserviceaccount.com:testIamPermissions 404
[debug] [2026-04-23T12:26:50.687Z] <<< [apiv2][body] POST https://iam.googleapis.com/v1/projects/digitalizacion-tsinge-fusion/serviceAccounts/digitalizacion-tsinge-fusion@appspot.gserviceaccount.com:testIamPermissions {"error":{"code":404,"message":"Unknown service account","status":"NOT_FOUND"}}
[debug] [2026-04-23T12:26:50.688Z] [functions] service account IAM check errored, deploy may fail: Request to https://iam.googleapis.com/v1/projects/digitalizacion-tsinge-fusion/serviceAccounts/digitalizacion-tsinge-fusion@appspot.gserviceaccount.com:testIamPermissions had HTTP Error: 404, Unknown service account {"name":"FirebaseError","children":[],"context":{"body":{"error":{"code":404,"message":"Unknown service account","status":"NOT_FOUND"}},"response":{"statusCode":404}},"exit":1,"message":"Request to https://iam.googleapis.com/v1/projects/digitalizacion-tsinge-fusion/serviceAccounts/digitalizacion-tsinge-fusion@appspot.gserviceaccount.com:testIamPermissions had HTTP Error: 404, Unknown service account","status":404}
[info] 
[info] === Deploying to 'digitalizacion-tsinge-fusion'...
[info] 
[info] i  deploying functions 
[debug] [2026-04-23T12:26:50.700Z] Checked if tokens are valid: true, expires at: 1776950720736
[debug] [2026-04-23T12:26:50.700Z] Checked if tokens are valid: true, expires at: 1776950720736
[debug] [2026-04-23T12:26:50.701Z] >>> [apiv2][query] GET https://serviceusage.googleapis.com/v1/projects/digitalizacion-tsinge-fusion/services/cloudresourcemanager.googleapis.com [none]
[debug] [2026-04-23T12:26:50.701Z] >>> [apiv2][(partial)header] GET https://serviceusage.googleapis.com/v1/projects/digitalizacion-tsinge-fusion/services/cloudresourcemanager.googleapis.com  x-goog-user-project=digitalizacion-tsinge-fusion
[debug] [2026-04-23T12:26:51.596Z] <<< [apiv2][status] GET https://serviceusage.googleapis.com/v1/projects/digitalizacion-tsinge-fusion/services/cloudresourcemanager.googleapis.com 200
[debug] [2026-04-23T12:26:51.596Z] <<< [apiv2][body] GET https://serviceusage.googleapis.com/v1/projects/digitalizacion-tsinge-fusion/services/cloudresourcemanager.googleapis.com [omitted]
[debug] [2026-04-23T12:26:51.614Z] Checked if tokens are valid: true, expires at: 1776950720736
[debug] [2026-04-23T12:26:51.615Z] Checked if tokens are valid: true, expires at: 1776950720736
[debug] [2026-04-23T12:26:51.615Z] >>> [apiv2][query] GET https://cloudresourcemanager.googleapis.com/v1/projects/digitalizacion-tsinge-fusion [none]
[debug] [2026-04-23T12:26:51.809Z] <<< [apiv2][status] GET https://cloudresourcemanager.googleapis.com/v1/projects/digitalizacion-tsinge-fusion 200
[debug] [2026-04-23T12:26:51.809Z] <<< [apiv2][body] GET https://cloudresourcemanager.googleapis.com/v1/projects/digitalizacion-tsinge-fusion {"projectNumber":"887873128698","projectId":"digitalizacion-tsinge-fusion","lifecycleState":"ACTIVE","name":"Digitalizacion-Tsinge-Fusion","labels":{"firebase":"enabled","firebase-core":"disabled"},"createTime":"2026-04-06T18:53:19.217Z"}
[info] i  functions: preparing codebase default for deployment 
[info] i  functions: ensuring required API cloudfunctions.googleapis.com is enabled... 
[debug] [2026-04-23T12:26:51.819Z] Checked if tokens are valid: true, expires at: 1776950720736
[debug] [2026-04-23T12:26:51.819Z] Checked if tokens are valid: true, expires at: 1776950720736
[debug] [2026-04-23T12:26:51.821Z] Checked if tokens are valid: true, expires at: 1776950720736
[debug] [2026-04-23T12:26:51.821Z] Checked if tokens are valid: true, expires at: 1776950720736
[info] i  functions: ensuring required API cloudbuild.googleapis.com is enabled... 
[debug] [2026-04-23T12:26:51.824Z] Checked if tokens are valid: true, expires at: 1776950720736
[debug] [2026-04-23T12:26:51.825Z] Checked if tokens are valid: true, expires at: 1776950720736
[info] i  artifactregistry: ensuring required API artifactregistry.googleapis.com is enabled... 
[debug] [2026-04-23T12:26:51.829Z] Checked if tokens are valid: true, expires at: 1776950720736
[debug] [2026-04-23T12:26:51.830Z] Checked if tokens are valid: true, expires at: 1776950720736
[debug] [2026-04-23T12:26:51.830Z] >>> [apiv2][query] GET https://serviceusage.googleapis.com/v1/projects/digitalizacion-tsinge-fusion/services/cloudfunctions.googleapis.com [none]
[debug] [2026-04-23T12:26:51.830Z] >>> [apiv2][(partial)header] GET https://serviceusage.googleapis.com/v1/projects/digitalizacion-tsinge-fusion/services/cloudfunctions.googleapis.com  x-goog-user-project=digitalizacion-tsinge-fusion
[debug] [2026-04-23T12:26:51.831Z] >>> [apiv2][query] GET https://serviceusage.googleapis.com/v1/projects/digitalizacion-tsinge-fusion/services/runtimeconfig.googleapis.com [none]
[debug] [2026-04-23T12:26:51.831Z] >>> [apiv2][(partial)header] GET https://serviceusage.googleapis.com/v1/projects/digitalizacion-tsinge-fusion/services/runtimeconfig.googleapis.com  x-goog-user-project=digitalizacion-tsinge-fusion
[debug] [2026-04-23T12:26:51.834Z] >>> [apiv2][query] GET https://serviceusage.googleapis.com/v1/projects/digitalizacion-tsinge-fusion/services/cloudbuild.googleapis.com [none]
[debug] [2026-04-23T12:26:51.835Z] >>> [apiv2][(partial)header] GET https://serviceusage.googleapis.com/v1/projects/digitalizacion-tsinge-fusion/services/cloudbuild.googleapis.com  x-goog-user-project=digitalizacion-tsinge-fusion
[debug] [2026-04-23T12:26:51.838Z] >>> [apiv2][query] GET https://serviceusage.googleapis.com/v1/projects/digitalizacion-tsinge-fusion/services/artifactregistry.googleapis.com [none]
[debug] [2026-04-23T12:26:51.838Z] >>> [apiv2][(partial)header] GET https://serviceusage.googleapis.com/v1/projects/digitalizacion-tsinge-fusion/services/artifactregistry.googleapis.com  x-goog-user-project=digitalizacion-tsinge-fusion
[debug] [2026-04-23T12:26:52.616Z] <<< [apiv2][status] GET https://serviceusage.googleapis.com/v1/projects/digitalizacion-tsinge-fusion/services/cloudfunctions.googleapis.com 200
[debug] [2026-04-23T12:26:52.616Z] <<< [apiv2][body] GET https://serviceusage.googleapis.com/v1/projects/digitalizacion-tsinge-fusion/services/cloudfunctions.googleapis.com [omitted]
[info] +  functions: required API cloudfunctions.googleapis.com is enabled 
[debug] [2026-04-23T12:26:52.677Z] <<< [apiv2][status] GET https://serviceusage.googleapis.com/v1/projects/digitalizacion-tsinge-fusion/services/cloudbuild.googleapis.com 200
[debug] [2026-04-23T12:26:52.677Z] <<< [apiv2][body] GET https://serviceusage.googleapis.com/v1/projects/digitalizacion-tsinge-fusion/services/cloudbuild.googleapis.com [omitted]
[warn] !  functions: missing required API cloudbuild.googleapis.com. Enabling now... 
[debug] [2026-04-23T12:26:52.680Z] Checked if tokens are valid: true, expires at: 1776950720736
[debug] [2026-04-23T12:26:52.681Z] Checked if tokens are valid: true, expires at: 1776950720736
[debug] [2026-04-23T12:26:52.681Z] >>> [apiv2][query] POST https://serviceusage.googleapis.com/v1/projects/digitalizacion-tsinge-fusion/services/cloudbuild.googleapis.com:enable [none]
[debug] [2026-04-23T12:26:52.682Z] >>> [apiv2][(partial)header] POST https://serviceusage.googleapis.com/v1/projects/digitalizacion-tsinge-fusion/services/cloudbuild.googleapis.com:enable  x-goog-user-project=digitalizacion-tsinge-fusion
[debug] [2026-04-23T12:26:52.686Z] <<< [apiv2][status] GET https://serviceusage.googleapis.com/v1/projects/digitalizacion-tsinge-fusion/services/artifactregistry.googleapis.com 200
[debug] [2026-04-23T12:26:52.686Z] <<< [apiv2][body] GET https://serviceusage.googleapis.com/v1/projects/digitalizacion-tsinge-fusion/services/artifactregistry.googleapis.com [omitted]
[warn] !  artifactregistry: missing required API artifactregistry.googleapis.com. Enabling now... 
[debug] [2026-04-23T12:26:52.687Z] Checked if tokens are valid: true, expires at: 1776950720736
[debug] [2026-04-23T12:26:52.688Z] Checked if tokens are valid: true, expires at: 1776950720736
[debug] [2026-04-23T12:26:52.688Z] >>> [apiv2][query] POST https://serviceusage.googleapis.com/v1/projects/digitalizacion-tsinge-fusion/services/artifactregistry.googleapis.com:enable [none]
[debug] [2026-04-23T12:26:52.688Z] >>> [apiv2][(partial)header] POST https://serviceusage.googleapis.com/v1/projects/digitalizacion-tsinge-fusion/services/artifactregistry.googleapis.com:enable  x-goog-user-project=digitalizacion-tsinge-fusion
[debug] [2026-04-23T12:26:52.845Z] <<< [apiv2][status] GET https://serviceusage.googleapis.com/v1/projects/digitalizacion-tsinge-fusion/services/runtimeconfig.googleapis.com 200
[debug] [2026-04-23T12:26:52.845Z] <<< [apiv2][body] GET https://serviceusage.googleapis.com/v1/projects/digitalizacion-tsinge-fusion/services/runtimeconfig.googleapis.com [omitted]
[debug] [2026-04-23T12:26:53.398Z] <<< [apiv2][status] POST https://serviceusage.googleapis.com/v1/projects/digitalizacion-tsinge-fusion/services/artifactregistry.googleapis.com:enable 200
[debug] [2026-04-23T12:26:53.398Z] <<< [apiv2][body] POST https://serviceusage.googleapis.com/v1/projects/digitalizacion-tsinge-fusion/services/artifactregistry.googleapis.com:enable [omitted]
[debug] [2026-04-23T12:26:53.810Z] <<< [apiv2][status] POST https://serviceusage.googleapis.com/v1/projects/digitalizacion-tsinge-fusion/services/cloudbuild.googleapis.com:enable 200
[debug] [2026-04-23T12:26:53.810Z] <<< [apiv2][body] POST https://serviceusage.googleapis.com/v1/projects/digitalizacion-tsinge-fusion/services/cloudbuild.googleapis.com:enable [omitted]
[debug] [2026-04-23T12:27:03.834Z] Checked if tokens are valid: true, expires at: 1776950720736
[debug] [2026-04-23T12:27:03.834Z] Checked if tokens are valid: true, expires at: 1776950720736
[debug] [2026-04-23T12:27:03.834Z] >>> [apiv2][query] GET https://firebase.googleapis.com/v1beta1/projects/digitalizacion-tsinge-fusion/adminSdkConfig [none]
[debug] [2026-04-23T12:27:04.667Z] <<< [apiv2][status] GET https://firebase.googleapis.com/v1beta1/projects/digitalizacion-tsinge-fusion/adminSdkConfig 200
[debug] [2026-04-23T12:27:04.667Z] <<< [apiv2][body] GET https://firebase.googleapis.com/v1beta1/projects/digitalizacion-tsinge-fusion/adminSdkConfig {"projectId":"digitalizacion-tsinge-fusion","databaseURL":"https://digitalizacion-tsinge-fusion-default-rtdb.firebaseio.com","storageBucket":"digitalizacion-tsinge-fusion.firebasestorage.app"}
[debug] [2026-04-23T12:27:04.673Z] Validating nodejs source
[warn] !  functions: Couldn't find firebase-functions package in your source code. Have you run 'npm install'? 
[debug] [2026-04-23T12:27:04.676Z] getFunctionsSDKVersion encountered error: Cannot find module 'firebase-functions'
Require stack:
- C:\Users\angel.castillo\AppData\Roaming\npm\node_modules\firebase-tools\lib\deploy\functions\runtimes\node\versioning.js
- C:\Users\angel.castillo\AppData\Roaming\npm\node_modules\firebase-tools\lib\deploy\functions\runtimes\node\index.js
- C:\Users\angel.castillo\AppData\Roaming\npm\node_modules\firebase-tools\lib\deploy\functions\runtimes\index.js
- C:\Users\angel.castillo\AppData\Roaming\npm\node_modules\firebase-tools\lib\deploy\functions\prepare.js
- C:\Users\angel.castillo\AppData\Roaming\npm\node_modules\firebase-tools\lib\emulator\functionsEmulatorShared.js
- C:\Users\angel.castillo\AppData\Roaming\npm\node_modules\firebase-tools\lib\frameworks\index.js
- C:\Users\angel.castillo\AppData\Roaming\npm\node_modules\firebase-tools\lib\deploy\hosting\prepare.js
- C:\Users\angel.castillo\AppData\Roaming\npm\node_modules\firebase-tools\lib\deploy\hosting\index.js
- C:\Users\angel.castillo\AppData\Roaming\npm\node_modules\firebase-tools\lib\deploy\index.js
- C:\Users\angel.castillo\AppData\Roaming\npm\node_modules\firebase-tools\lib\commands\deploy.js
- C:\Users\angel.castillo\AppData\Roaming\npm\node_modules\firebase-tools\lib\commands\index.js
- C:\Users\angel.castillo\AppData\Roaming\npm\node_modules\firebase-tools\lib\index.js
- C:\Users\angel.castillo\AppData\Roaming\npm\node_modules\firebase-tools\lib\bin\cli.js
- C:\Users\angel.castillo\AppData\Roaming\npm\node_modules\firebase-tools\lib\bin\firebase.js {"code":"MODULE_NOT_FOUND","requireStack":["C:\\Users\\angel.castillo\\AppData\\Roaming\\npm\\node_modules\\firebase-tools\\lib\\deploy\\functions\\runtimes\\node\\versioning.js","C:\\Users\\angel.castillo\\AppData\\Roaming\\npm\\node_modules\\firebase-tools\\lib\\deploy\\functions\\runtimes\\node\\index.js","C:\\Users\\angel.castillo\\AppData\\Roaming\\npm\\node_modules\\firebase-tools\\lib\\deploy\\functions\\runtimes\\index.js","C:\\Users\\angel.castillo\\AppData\\Roaming\\npm\\node_modules\\firebase-tools\\lib\\deploy\\functions\\prepare.js","C:\\Users\\angel.castillo\\AppData\\Roaming\\npm\\node_modules\\firebase-tools\\lib\\emulator\\functionsEmulatorShared.js","C:\\Users\\angel.castillo\\AppData\\Roaming\\npm\\node_modules\\firebase-tools\\lib\\frameworks\\index.js","C:\\Users\\angel.castillo\\AppData\\Roaming\\npm\\node_modules\\firebase-tools\\lib\\deploy\\hosting\\prepare.js","C:\\Users\\angel.castillo\\AppData\\Roaming\\npm\\node_modules\\firebase-tools\\lib\\deploy\\hosting\\index.js","C:\\Users\\angel.castillo\\AppData\\Roaming\\npm\\node_modules\\firebase-tools\\lib\\deploy\\index.js","C:\\Users\\angel.castillo\\AppData\\Roaming\\npm\\node_modules\\firebase-tools\\lib\\commands\\deploy.js","C:\\Users\\angel.castillo\\AppData\\Roaming\\npm\\node_modules\\firebase-tools\\lib\\commands\\index.js","C:\\Users\\angel.castillo\\AppData\\Roaming\\npm\\node_modules\\firebase-tools\\lib\\index.js","C:\\Users\\angel.castillo\\AppData\\Roaming\\npm\\node_modules\\firebase-tools\\lib\\bin\\cli.js","C:\\Users\\angel.castillo\\AppData\\Roaming\\npm\\node_modules\\firebase-tools\\lib\\bin\\firebase.js"]}
[debug] [2026-04-23T12:27:04.677Z] checkFunctionsSDKVersion encountered error: Invalid Version:  {}
[debug] [2026-04-23T12:27:04.680Z] > [functions] package.json contents: {
  "name": "functions",
  "description": "Cloud Functions for Firebase",
  "scripts": {
    "serve": "firebase emulators:start --only functions",
    "shell": "firebase functions:shell",
    "start": "npm run shell",
    "deploy": "firebase deploy --only functions",
    "logs": "firebase functions:log"
  },
  "engines": {
    "node": "24"
  },
  "main": "index.js",
  "dependencies": {
    "firebase-admin": "^13.6.0",
    "firebase-functions": "^7.0.0"
  },
  "devDependencies": {
    "firebase-functions-test": "^3.4.1"
  },
  "private": true
}
[debug] [2026-04-23T12:27:04.680Z] Building nodejs source
[info] i  functions: Loading and analyzing source code for codebase default to determine what to deploy 
[debug] [2026-04-23T12:27:04.681Z] Could not parse firebase-functions version '' into semver.
[debug] [2026-04-23T12:27:04.684Z] Could not find functions.yaml. Must use http discovery
[debug] [2026-04-23T12:27:04.845Z] Error: Cannot find module 'firebase-functions'
Require stack:
- C:\Users\angel.castillo\AppData\Roaming\npm\node_modules\firebase-tools\lib\deploy\functions\runtimes\node\index.js
- C:\Users\angel.castillo\AppData\Roaming\npm\node_modules\firebase-tools\lib\deploy\functions\runtimes\index.js
- C:\Users\angel.castillo\AppData\Roaming\npm\node_modules\firebase-tools\lib\deploy\functions\prepare.js
- C:\Users\angel.castillo\AppData\Roaming\npm\node_modules\firebase-tools\lib\emulator\functionsEmulatorShared.js
- C:\Users\angel.castillo\AppData\Roaming\npm\node_modules\firebase-tools\lib\frameworks\index.js
- C:\Users\angel.castillo\AppData\Roaming\npm\node_modules\firebase-tools\lib\deploy\hosting\prepare.js
- C:\Users\angel.castillo\AppData\Roaming\npm\node_modules\firebase-tools\lib\deploy\hosting\index.js
- C:\Users\angel.castillo\AppData\Roaming\npm\node_modules\firebase-tools\lib\deploy\index.js
- C:\Users\angel.castillo\AppData\Roaming\npm\node_modules\firebase-tools\lib\commands\deploy.js
- C:\Users\angel.castillo\AppData\Roaming\npm\node_modules\firebase-tools\lib\commands\index.js
- C:\Users\angel.castillo\AppData\Roaming\npm\node_modules\firebase-tools\lib\index.js
- C:\Users\angel.castillo\AppData\Roaming\npm\node_modules\firebase-tools\lib\bin\cli.js
- C:\Users\angel.castillo\AppData\Roaming\npm\node_modules\firebase-tools\lib\bin\firebase.js
    at Module._resolveFilename (node:internal/modules/cjs/loader:1456:15)
    at require.resolve (node:internal/modules/helpers:163:19)
    at Delegate.findFunctionsBinary (C:\Users\angel.castillo\AppData\Roaming\npm\node_modules\firebase-tools\lib\deploy\functions\runtimes\node\index.js:101:33)
    at Delegate.spawnFunctionsProcess (C:\Users\angel.castillo\AppData\Roaming\npm\node_modules\firebase-tools\lib\deploy\functions\runtimes\node\index.js:131:30)
    at Delegate.serveAdmin (C:\Users\angel.castillo\AppData\Roaming\npm\node_modules\firebase-tools\lib\deploy\functions\runtimes\node\index.js:152:35)
    at Delegate.discoverBuild (C:\Users\angel.castillo\AppData\Roaming\npm\node_modules\firebase-tools\lib\deploy\functions\runtimes\node\index.js:192:41)
    at process.processTicksAndRejections (node:internal/process/task_queues:104:5)
    at async loadCodebases (C:\Users\angel.castillo\AppData\Roaming\npm\node_modules\firebase-tools\lib\deploy\functions\prepare.js:380:33)
    at async prepare (C:\Users\angel.castillo\AppData\Roaming\npm\node_modules\firebase-tools\lib\deploy\functions\prepare.js:73:24)
    at async chain (C:\Users\angel.castillo\AppData\Roaming\npm\node_modules\firebase-tools\lib\deploy\index.js:45:9)
[error] 
[error] Error: An unexpected error has occurred.
